INFO:__main__:Running benchmark child 1: query='red cube' seed=0
INFO:__main__:Running benchmark child 2: query='red cube' seed=1
INFO:__main__:Running benchmark child 3: query='red cube' seed=2
INFO:__main__:Running benchmark child 4: query='red cube' seed=3
INFO:__main__:Running benchmark child 5: query='red cube' seed=4
INFO:__main__:Running benchmark child 6: query='red cube' seed=5
INFO:__main__:Running benchmark child 7: query='red cube' seed=6
INFO:__main__:Running benchmark child 8: query='red cube' seed=7
INFO:__main__:Running benchmark child 9: query='red cube' seed=8
INFO:__main__:Running benchmark child 10: query='red cube' seed=9
INFO:__main__:Running benchmark child 11: query='red cube' seed=10
INFO:__main__:Running benchmark child 12: query='red cube' seed=11
INFO:__main__:Running benchmark child 13: query='red cube' seed=12
INFO:__main__:Running benchmark child 14: query='red cube' seed=13
INFO:__main__:Running benchmark child 15: query='red cube' seed=14
INFO:__main__:Running benchmark child 16: query='red cube' seed=15
INFO:__main__:Running benchmark child 17: query='red cube' seed=16
INFO:__main__:Running benchmark child 18: query='red cube' seed=17
INFO:__main__:Running benchmark child 19: query='red cube' seed=18
INFO:__main__:Running benchmark child 20: query='red cube' seed=19
INFO:__main__:Running benchmark child 21: query='red cube' seed=20
INFO:__main__:Running benchmark child 22: query='red cube' seed=21
INFO:__main__:Running benchmark child 23: query='red cube' seed=22
INFO:__main__:Running benchmark child 24: query='red cube' seed=23
INFO:__main__:Running benchmark child 25: query='red cube' seed=24
INFO:__main__:Running benchmark child 26: query='red cube' seed=25
INFO:__main__:Running benchmark child 27: query='red cube' seed=26
INFO:__main__:Running benchmark child 28: query='red cube' seed=27
INFO:__main__:Running benchmark child 29: query='red cube' seed=28
INFO:__main__:Running benchmark child 30: query='red cube' seed=29
INFO:__main__:Running benchmark child 31: query='red cube' seed=30
INFO:__main__:Running benchmark child 32: query='red cube' seed=31
INFO:__main__:Running benchmark child 33: query='red cube' seed=32
INFO:__main__:Running benchmark child 34: query='red cube' seed=33
INFO:__main__:Running benchmark child 35: query='red cube' seed=34
INFO:__main__:Running benchmark child 36: query='red cube' seed=35
INFO:__main__:Running benchmark child 37: query='red cube' seed=36
INFO:__main__:Running benchmark child 38: query='red cube' seed=37
INFO:__main__:Running benchmark child 39: query='red cube' seed=38
INFO:__main__:Running benchmark child 40: query='red cube' seed=39
INFO:__main__:Running benchmark child 41: query='red cube' seed=40
INFO:__main__:Running benchmark child 42: query='red cube' seed=41
INFO:__main__:Running benchmark child 43: query='red cube' seed=42
INFO:__main__:Running benchmark child 44: query='red cube' seed=43
INFO:__main__:Running benchmark child 45: query='red cube' seed=44
INFO:__main__:Running benchmark child 46: query='red cube' seed=45
INFO:__main__:Running benchmark child 47: query='red cube' seed=46
INFO:__main__:Running benchmark child 48: query='red cube' seed=47
INFO:__main__:Running benchmark child 49: query='red cube' seed=48
INFO:__main__:Running benchmark child 50: query='red cube' seed=49
INFO:__main__:Running benchmark child 51: query='red cube' seed=50
INFO:__main__:Running benchmark child 52: query='red cube' seed=51
INFO:__main__:Running benchmark child 53: query='red cube' seed=52
INFO:__main__:Running benchmark child 54: query='red cube' seed=53
INFO:__main__:Running benchmark child 55: query='red cube' seed=54
INFO:__main__:Running benchmark child 56: query='red cube' seed=55
INFO:__main__:Running benchmark child 57: query='red cube' seed=56
INFO:__main__:Running benchmark child 58: query='red cube' seed=57
INFO:__main__:Running benchmark child 59: query='red cube' seed=58
INFO:__main__:Running benchmark child 60: query='red cube' seed=59
INFO:__main__:Running benchmark child 61: query='red cube' seed=60
INFO:__main__:Running benchmark child 62: query='red cube' seed=61
INFO:__main__:Running benchmark child 63: query='red cube' seed=62
INFO:__main__:Running benchmark child 64: query='red cube' seed=63
INFO:__main__:Running benchmark child 65: query='red cube' seed=64
INFO:__main__:Running benchmark child 66: query='red cube' seed=65
INFO:__main__:Running benchmark child 67: query='red cube' seed=66
INFO:__main__:Running benchmark child 68: query='red cube' seed=67
INFO:__main__:Running benchmark child 69: query='red cube' seed=68
INFO:__main__:Running benchmark child 70: query='red cube' seed=69
INFO:__main__:Running benchmark child 71: query='red cube' seed=70
INFO:__main__:Running benchmark child 72: query='red cube' seed=71
INFO:__main__:Running benchmark child 73: query='red cube' seed=72
INFO:__main__:Running benchmark child 74: query='red cube' seed=73
INFO:__main__:Running benchmark child 75: query='red cube' seed=74
INFO:__main__:Running benchmark child 76: query='red cube' seed=75
INFO:__main__:Running benchmark child 77: query='red cube' seed=76
INFO:__main__:Running benchmark child 78: query='red cube' seed=77
INFO:__main__:Running benchmark child 79: query='red cube' seed=78
INFO:__main__:Running benchmark child 80: query='red cube' seed=79
INFO:__main__:Running benchmark child 81: query='red cube' seed=80
INFO:__main__:Running benchmark child 82: query='red cube' seed=81
INFO:__main__:Running benchmark child 83: query='red cube' seed=82
INFO:__main__:Running benchmark child 84: query='red cube' seed=83
INFO:__main__:Running benchmark child 85: query='red cube' seed=84
INFO:__main__:Running benchmark child 86: query='red cube' seed=85
INFO:__main__:Running benchmark child 87: query='red cube' seed=86
INFO:__main__:Running benchmark child 88: query='red cube' seed=87
INFO:__main__:Running benchmark child 89: query='red cube' seed=88
INFO:__main__:Running benchmark child 90: query='red cube' seed=89
INFO:__main__:Running benchmark child 91: query='red cube' seed=90
INFO:__main__:Running benchmark child 92: query='red cube' seed=91
INFO:__main__:Running benchmark child 93: query='red cube' seed=92
INFO:__main__:Running benchmark child 94: query='red cube' seed=93
INFO:__main__:Running benchmark child 95: query='red cube' seed=94
INFO:__main__:Running benchmark child 96: query='red cube' seed=95
INFO:__main__:Running benchmark child 97: query='red cube' seed=96
INFO:__main__:Running benchmark child 98: query='red cube' seed=97
INFO:__main__:Running benchmark child 99: query='red cube' seed=98
INFO:__main__:Running benchmark child 100: query='red cube' seed=99
Single-view pick benchmark complete
  Runs:        100
  Queries:     red cube
  3D target:   1.000
  Pick rate:   0.060
  Runtime:     105.486s
  Artifacts:   outputs/ras_sensor_stress_v2_20260512/long/pickcube_box_center_depth_drop10
